<?xml version="1.0" encoding="UTF-8"?>
<coverage generated="1618509680349" clover="3.2.0">
  <project timestamp="1618509680349" name="All files">
    <metrics statements="10" coveredstatements="9" conditionals="0" coveredconditionals="0" methods="10" coveredmethods="4" elements="20" coveredelements="13" complexity="0" loc="10" ncloc="10" packages="1" files="1" classes="1"/>
    <file name="UserDB_modRead.js" path="E:\Web_Projeckts\usersAndPostsConnector\UserDB_modRead.js">
      <metrics statements="10" coveredstatements="9" conditionals="0" coveredconditionals="0" methods="10" coveredmethods="4"/>
      <line num="1" count="1" type="stmt"/>
      <line num="5" count="2" type="stmt"/>
      <line num="9" count="3" type="stmt"/>
      <line num="13" count="1" type="stmt"/>
      <line num="18" count="2" type="stmt"/>
      <line num="20" count="0" type="stmt"/>
      <line num="28" count="1" type="stmt"/>
      <line num="30" count="1" type="stmt"/>
      <line num="33" count="1" type="stmt"/>
      <line num="37" count="1" type="stmt"/>
    </file>
  </project>
</coverage>
