{"E:\\Web_Projeckts\\usersAndPostsConnector\\UserDB_modRead.js": {"path":"E:\\Web_Projeckts\\usersAndPostsConnector\\UserDB_modRead.js","statementMap":{"0":{"start":{"line":1,"column":14},"end":{"line":1,"column":30}},"1":{"start":{"line":5,"column":8},"end":{"line":5,"column":64}},"2":{"start":{"line":9,"column":8},"end":{"line":9,"column":65}},"3":{"start":{"line":9,"column":51},"end":{"line":9,"column":63}},"4":{"start":{"line":13,"column":8},"end":{"line":13,"column":56}},"5":{"start":{"line":13,"column":40},"end":{"line":13,"column":54}},"6":{"start":{"line":18,"column":8},"end":{"line":21,"column":11}},"7":{"start":{"line":20,"column":12},"end":{"line":20,"column":62}},"8":{"start":{"line":20,"column":36},"end":{"line":20,"column":61}},"9":{"start":{"line":28,"column":16},"end":{"line":28,"column":36}},"10":{"start":{"line":30,"column":0},"end":{"line":30,"column":59}},"11":{"start":{"line":30,"column":36},"end":{"line":30,"column":57}},"12":{"start":{"line":33,"column":0},"end":{"line":33,"column":64}},"13":{"start":{"line":33,"column":41},"end":{"line":33,"column":62}},"14":{"start":{"line":37,"column":0},"end":{"line":37,"column":32}}},"fnMap":{"0":{"name":"(anonymous_0)","decl":{"start":{"line":4,"column":4},"end":{"line":4,"column":5}},"loc":{"start":{"line":4,"column":18},"end":{"line":6,"column":5}},"line":4},"1":{"name":"(anonymous_1)","decl":{"start":{"line":8,"column":4},"end":{"line":8,"column":5}},"loc":{"start":{"line":8,"column":14},"end":{"line":10,"column":5}},"line":8},"2":{"name":"(anonymous_2)","decl":{"start":{"line":9,"column":40},"end":{"line":9,"column":41}},"loc":{"start":{"line":9,"column":51},"end":{"line":9,"column":63}},"line":9},"3":{"name":"(anonymous_3)","decl":{"start":{"line":12,"column":4},"end":{"line":12,"column":5}},"loc":{"start":{"line":12,"column":21},"end":{"line":14,"column":5}},"line":12},"4":{"name":"(anonymous_4)","decl":{"start":{"line":13,"column":29},"end":{"line":13,"column":30}},"loc":{"start":{"line":13,"column":40},"end":{"line":13,"column":54}},"line":13},"5":{"name":"(anonymous_5)","decl":{"start":{"line":17,"column":4},"end":{"line":17,"column":5}},"loc":{"start":{"line":17,"column":28},"end":{"line":22,"column":5}},"line":17},"6":{"name":"(anonymous_6)","decl":{"start":{"line":19,"column":14},"end":{"line":19,"column":15}},"loc":{"start":{"line":19,"column":26},"end":{"line":21,"column":9}},"line":19},"7":{"name":"(anonymous_7)","decl":{"start":{"line":20,"column":28},"end":{"line":20,"column":29}},"loc":{"start":{"line":20,"column":36},"end":{"line":20,"column":61}},"line":20},"8":{"name":"(anonymous_8)","decl":{"start":{"line":30,"column":24},"end":{"line":30,"column":25}},"loc":{"start":{"line":30,"column":36},"end":{"line":30,"column":57}},"line":30},"9":{"name":"(anonymous_9)","decl":{"start":{"line":33,"column":29},"end":{"line":33,"column":30}},"loc":{"start":{"line":33,"column":41},"end":{"line":33,"column":62}},"line":33}},"branchMap":{},"s":{"0":1,"1":2,"2":3,"3":0,"4":1,"5":0,"6":2,"7":0,"8":0,"9":1,"10":1,"11":0,"12":1,"13":0,"14":1},"f":{"0":2,"1":3,"2":0,"3":1,"4":0,"5":2,"6":0,"7":0,"8":0,"9":0},"b":{},"_coverageSchema":"1a1c01bbd47fc00a2c39e90264f33305004495a9","hash":"eff086cb19c17cb5a80d7d9b9f951d71e9259f5d"}
}
