TN:
SF:UserDB_modRead.js
FN:4,(anonymous_0)
FN:8,(anonymous_1)
FN:9,(anonymous_2)
FN:12,(anonymous_3)
FN:13,(anonymous_4)
FN:17,(anonymous_5)
FN:19,(anonymous_6)
FN:20,(anonymous_7)
FN:30,(anonymous_8)
FN:33,(anonymous_9)
FNF:10
FNH:4
FNDA:2,(anonymous_0)
FNDA:3,(anonymous_1)
FNDA:0,(anonymous_2)
FNDA:1,(anonymous_3)
FNDA:0,(anonymous_4)
FNDA:2,(anonymous_5)
FNDA:0,(anonymous_6)
FNDA:0,(anonymous_7)
FNDA:0,(anonymous_8)
FNDA:0,(anonymous_9)
DA:1,1
DA:5,2
DA:9,3
DA:13,1
DA:18,2
DA:20,0
DA:28,1
DA:30,1
DA:33,1
DA:37,1
LF:10
LH:9
BRF:0
BRH:0
end_of_record
